{
  "RSpec": {
    "coverage": {
      "/Users/vidishaweddy/RubymineProjects/robot_challenge/lib/methods/robot_action.rb": {
        "lines": [
          null,
          null,
          1,
          1,
          1,
          null,
          1,
          null,
          1,
          null,
          null,
          null,
          null,
          null,
          null,
          1,
          13,
          13,
          13,
          527,
          21,
          21,
          506,
          436,
          null,
          null,
          null,
          13,
          null,
          null,
          1,
          null,
          null,
          null,
          null,
          null,
          1,
          436,
          436,
          188,
          33,
          188,
          248,
          245,
          null,
          3,
          null,
          null,
          null,
          null
        ]
      },
      "/Users/vidishaweddy/RubymineProjects/robot_challenge/lib/objects/robot.rb": {
        "lines": [
          null,
          null,
          1,
          null,
          1,
          null,
          null,
          1,
          1,
          null,
          null,
          null,
          null,
          null,
          1,
          29,
          29,
          29,
          null,
          null,
          null,
          null,
          null,
          1,
          197,
          null,
          54,
          null,
          42,
          null,
          35,
          null,
          65,
          null,
          null,
          null,
          null,
          null,
          null,
          null,
          null,
          1,
          247,
          247,
          null,
          null,
          186,
          186,
          null,
          null,
          61,
          61,
          null,
          247,
          null,
          null,
          null,
          null,
          null,
          1,
          10,
          null,
          null,
          null
        ]
      },
      "/Users/vidishaweddy/RubymineProjects/robot_challenge/lib/challenge_constant.rb": {
        "lines": [
          null,
          null,
          1,
          1,
          1,
          1
        ]
      },
      "/Users/vidishaweddy/RubymineProjects/robot_challenge/lib/methods/robot_validation.rb": {
        "lines": [
          null,
          null,
          1,
          null,
          1,
          null,
          1,
          null,
          null,
          null,
          null,
          1,
          44,
          null,
          null,
          null,
          null,
          null,
          1,
          null,
          null,
          null,
          null,
          null,
          1,
          44,
          3,
          3,
          null,
          41,
          null,
          null,
          null,
          null,
          null,
          null,
          null,
          1,
          38,
          38,
          11,
          null,
          11,
          null,
          27,
          null,
          null,
          null,
          null,
          null,
          null,
          null,
          1,
          41,
          3,
          3,
          null,
          38,
          null,
          null,
          null,
          null,
          null,
          null,
          1,
          27,
          3,
          3,
          null,
          24,
          null,
          null,
          null
        ]
      },
      "/Users/vidishaweddy/RubymineProjects/robot_challenge/spec/methods/robot_validation_spec.rb": {
        "lines": [
          null,
          null,
          1,
          1,
          null,
          1,
          1,
          1,
          1,
          1,
          null,
          null,
          1,
          1,
          1,
          1,
          null,
          1,
          null,
          null,
          1,
          1,
          1,
          1,
          null,
          1,
          null,
          null,
          1,
          1,
          1,
          1,
          null,
          null,
          1,
          null,
          null,
          1,
          1,
          1,
          1,
          null,
          1,
          null,
          null,
          null
        ]
      },
      "/Users/vidishaweddy/RubymineProjects/robot_challenge/spec/objects/robot_spec.rb": {
        "lines": [
          null,
          null,
          1,
          1,
          null,
          1,
          1,
          1,
          1,
          1,
          1,
          1,
          null,
          1,
          1,
          1,
          1,
          null,
          1,
          1,
          1,
          1,
          null,
          1,
          1,
          1,
          1,
          null,
          null,
          1,
          1,
          1,
          1,
          null,
          null,
          1,
          1,
          1,
          1,
          1,
          null,
          1,
          1,
          1,
          1,
          null,
          1,
          1,
          1,
          1,
          null,
          1,
          1,
          1,
          1,
          null,
          null,
          null,
          1,
          1,
          1,
          1,
          1,
          null,
          1,
          1,
          1,
          null,
          null,
          null,
          1,
          1,
          1,
          1,
          null,
          null,
          null
        ]
      },
      "/Users/vidishaweddy/RubymineProjects/robot_challenge/spec/robot_challenge_integration_spec.rb": {
        "lines": [
          null,
          null,
          1,
          1,
          null,
          1,
          1,
          1,
          1,
          null,
          null,
          null,
          null,
          1,
          1,
          1,
          1,
          null,
          null,
          null,
          1,
          1,
          null,
          null,
          null,
          null,
          1,
          1,
          1,
          1,
          null,
          null,
          null,
          1,
          1,
          null,
          null,
          null,
          null,
          null,
          null,
          null,
          null,
          null,
          null,
          null,
          1,
          1,
          1,
          1,
          null,
          null,
          null,
          1,
          1,
          1,
          1,
          1,
          2,
          null,
          null,
          1,
          1,
          1,
          null,
          null,
          null,
          1,
          1,
          1,
          1,
          2,
          null,
          null,
          1,
          1,
          1,
          null,
          null,
          null,
          null,
          null
        ]
      },
      "/Users/vidishaweddy/RubymineProjects/robot_challenge/lib/robot_challenge.rb": {
        "lines": [
          null,
          null,
          1,
          1,
          null,
          null,
          1,
          null,
          null,
          1,
          9,
          9,
          9,
          9,
          9,
          693,
          675,
          675,
          675,
          null,
          null,
          null,
          1,
          null,
          null,
          null,
          null,
          null,
          null,
          1,
          14,
          14,
          null,
          null,
          null,
          null,
          null,
          null,
          null,
          null,
          null,
          1,
          675,
          9,
          666,
          512,
          null,
          163,
          null,
          null,
          null,
          null,
          null,
          null,
          null,
          1,
          9,
          8,
          8,
          null,
          1,
          null,
          null,
          null
        ]
      }
    },
    "timestamp": 1632708767
  }
}
