{
  "RSpec": {
    "coverage": {
      "/Users/vidishaweddy/RubymineProjects/robot_challenge/lib/methods/tabletop_action.rb": {
        "lines": [
          null,
          null,
          null,
          1,
          null,
          null,
          null,
          null,
          null,
          1,
          459,
          null,
          null,
          459,
          459,
          457,
          457,
          null,
          null,
          null,
          2,
          null,
          44,
          null,
          null,
          1,
          null,
          null,
          null,
          null,
          1,
          457,
          null,
          null
        ]
      },
      "/Users/vidishaweddy/RubymineProjects/robot_challenge/lib/objects/tabletop.rb": {
        "lines": [
          null,
          null,
          1,
          1,
          null,
          null,
          null,
          1,
          1,
          1,
          1,
          1,
          null,
          null,
          1,
          478,
          null,
          461,
          440,
          null,
          null,
          461,
          null,
          null,
          null,
          null,
          null,
          null,
          1,
          1,
          null,
          1,
          17,
          17,
          null,
          17,
          null,
          17,
          17,
          17,
          17,
          null,
          null,
          null,
          null,
          null,
          1,
          461,
          461,
          461,
          415,
          415,
          null,
          null,
          null,
          46,
          46,
          null,
          null,
          null
        ]
      },
      "/Users/vidishaweddy/RubymineProjects/robot_challenge/lib/objects/tabletop_item.rb": {
        "lines": [
          null,
          null,
          1,
          1,
          null,
          1,
          null,
          null,
          null,
          1,
          1,
          1,
          1,
          1,
          null,
          null,
          1,
          39,
          null,
          null,
          null,
          null,
          null,
          null,
          1,
          1,
          null,
          1,
          1,
          null,
          null,
          1,
          40,
          40,
          40,
          40,
          40,
          40,
          40,
          40,
          null,
          35,
          null,
          5,
          null,
          null,
          null,
          null,
          null,
          1,
          684,
          null,
          null,
          null,
          null,
          null,
          1,
          191,
          null,
          54,
          null,
          41,
          null,
          33,
          null,
          63,
          null,
          null,
          null,
          null,
          null,
          null,
          1,
          12,
          null,
          null
        ]
      },
      "/Users/vidishaweddy/RubymineProjects/robot_challenge/lib/objects/robot.rb": {
        "lines": [
          null,
          null,
          1,
          null,
          null,
          null,
          1,
          1,
          null,
          44,
          44,
          44,
          44,
          null,
          null,
          null,
          null,
          1,
          185,
          185,
          185,
          null,
          null,
          null,
          null,
          1,
          61,
          61,
          61,
          null,
          null
        ]
      },
      "/Users/vidishaweddy/RubymineProjects/robot_challenge/spec/objects/robot_spec.rb": {
        "lines": [
          null,
          null,
          1,
          1,
          null,
          1,
          1,
          1,
          1,
          1,
          1,
          1,
          1,
          null,
          null,
          1,
          1,
          1,
          1,
          null,
          null,
          null,
          1,
          1,
          1,
          1,
          1,
          1,
          1,
          null,
          1,
          1,
          1,
          1,
          1,
          null,
          1,
          1,
          1,
          1,
          1,
          null,
          1,
          1,
          1,
          1,
          1,
          null,
          null,
          null,
          1,
          1,
          1,
          1,
          1,
          1,
          null,
          1,
          1,
          1,
          1,
          null,
          null,
          null,
          1,
          1,
          1,
          1,
          1,
          null,
          null,
          null
        ]
      },
      "/Users/vidishaweddy/RubymineProjects/robot_challenge/spec/objects/table_top_action_spec.rb": {
        "lines": [
          null,
          null,
          1,
          1,
          null,
          1,
          1,
          2,
          null,
          null
        ]
      },
      "/Users/vidishaweddy/RubymineProjects/robot_challenge/spec/objects/tabletop_spec.rb": {
        "lines": [
          null,
          null,
          1,
          1,
          1,
          null,
          1,
          1,
          4,
          null,
          null,
          1,
          1,
          1,
          1,
          1,
          1,
          1,
          1,
          null,
          null,
          1,
          1,
          1,
          1,
          1,
          null,
          null,
          1,
          1,
          1,
          1,
          1,
          null,
          null,
          1,
          1,
          1,
          1,
          1,
          1,
          null,
          null,
          null
        ]
      },
      "/Users/vidishaweddy/RubymineProjects/robot_challenge/spec/robot_challenge_integration_spec.rb": {
        "lines": [
          null,
          null,
          1,
          1,
          null,
          1,
          1,
          5,
          5,
          null,
          null,
          1,
          1,
          1,
          null,
          null,
          null,
          null,
          1,
          1,
          1,
          1,
          null,
          null,
          null,
          1,
          1,
          null,
          null,
          null,
          null,
          1,
          1,
          1,
          1,
          null,
          null,
          null,
          1,
          1,
          null,
          null,
          null,
          null,
          null,
          1,
          null,
          null,
          null,
          null,
          null,
          null,
          null,
          null,
          1,
          1,
          1,
          1,
          null,
          null,
          1,
          1,
          null,
          null,
          1,
          1,
          1,
          1,
          1,
          2,
          null,
          null,
          1,
          1,
          1,
          null,
          null,
          null,
          1,
          1,
          1,
          1,
          2,
          null,
          null,
          1,
          1,
          1,
          null,
          null,
          null,
          null,
          null,
          1,
          5,
          null,
          null
        ]
      },
      "/Users/vidishaweddy/RubymineProjects/robot_challenge/lib/robot_challenge.rb": {
        "lines": [
          null,
          null,
          1,
          1,
          1,
          null,
          null,
          1,
          null,
          null,
          null,
          1,
          9,
          9,
          9,
          9,
          693,
          675,
          675,
          null,
          459,
          9,
          null,
          450,
          null,
          null,
          null,
          null,
          null,
          null,
          null,
          1,
          450,
          450,
          null,
          null,
          null,
          null,
          null,
          1,
          9,
          null,
          null
        ]
      }
    },
    "timestamp": 1633271649
  }
}
